<?xml version='1.0' encoding='UTF-8'?>
<testsuite hostname="Coreys-MacBook-Pro-2.local" name="TicTacToeTest" tests="36" errors="0" failures="0" time="47.084">
                     <properties>
[...]
</properties>
                     <testcase classname="TicTacToeTest" name="isFinished with 3 dim and antiD X" time="0.011">
                                                 
                                               </testcase><testcase classname="TicTacToeTest" name="getWinner with 3 dim and antiD X" time="0.0">
                                                 
                                               </testcase><testcase classname="TicTacToeTest" name="isFinished with 3 dim and regD X" time="0.001">
                                                 
                                               </testcase><testcase classname="TicTacToeTest" name="getWinner with 3 dim and regD X" time="0.0">
                                                 
                                               </testcase><testcase classname="TicTacToeTest" name="isFinished with 4 dim and regD O" time="0.0">
                                                 
                                               </testcase><testcase classname="TicTacToeTest" name="getWinner with 4 dim and regD O" time="0.001">
                                                 
                                               </testcase><testcase classname="TicTacToeTest" name="isFinished with 4 dim and antiD O" time="0.0">
                                                 
                                               </testcase><testcase classname="TicTacToeTest" name="getWinner with 4 dim and antiD O" time="0.0">
                                                 
                                               </testcase><testcase classname="TicTacToeTest" name="isFinished with 5 dim and X wins horiz" time="0.0">
                                                 
                                               </testcase><testcase classname="TicTacToeTest" name="getWinner with 5 dim and X wins horiz" time="0.0">
                                                 
                                               </testcase><testcase classname="TicTacToeTest" name="isFinished with 4 dim and no winner" time="0.0">
                                                 
                                               </testcase><testcase classname="TicTacToeTest" name="getWinner with 4 dim and no winner" time="0.001">
                                                 
                                               </testcase><testcase classname="TicTacToeTest" name="isFinished with 6 dim and O wins horiz" time="0.0">
                                                 
                                               </testcase><testcase classname="TicTacToeTest" name="getWinner with 6 dim and O wins horiz" time="0.001">
                                                 
                                               </testcase><testcase classname="TicTacToeTest" name="isFinished with 6 dim and X wins vert" time="0.0">
                                                 
                                               </testcase><testcase classname="TicTacToeTest" name="getWinner with 6 dim and X wins vert" time="0.001">
                                                 
                                               </testcase><testcase classname="TicTacToeTest" name="isFinished with 6 dim and X wins diag" time="0.0">
                                                 
                                               </testcase><testcase classname="TicTacToeTest" name="getWinner with 6 dim and X wins diag" time="0.0">
                                                 
                                               </testcase><testcase classname="TicTacToeTest" name="isFinished with empty" time="0.0">
                                                 
                                               </testcase><testcase classname="TicTacToeTest" name="getWinner with empty" time="0.0">
                                                 
                                               </testcase><testcase classname="TicTacToeTest" name="nextBoards tester 1" time="0.002">
                                                 
                                               </testcase><testcase classname="TicTacToeTest" name="The solution object must be defined" time="0.0">
                                                 
                                               </testcase><testcase classname="TicTacToeTest" name="nextBoards tester 2" time="0.001">
                                                 
                                               </testcase><testcase classname="TicTacToeTest" name="miniMax test1" time="0.002">
                                                 
                                               </testcase><testcase classname="TicTacToeTest" name="miniMax test2" time="0.003">
                                                 
                                               </testcase><testcase classname="TicTacToeTest" name="miniMax test3" time="0.007">
                                                 
                                               </testcase><testcase classname="TicTacToeTest" name="miniMax test4" time="0.002">
                                                 
                                               </testcase><testcase classname="TicTacToeTest" name="miniMax test5" time="12.932">
                                                 
                                               </testcase><testcase classname="TicTacToeTest" name="miniMax test6" time="0.001">
                                                 
                                               </testcase><testcase classname="TicTacToeTest" name="test 1" time="27.598">
                                                 
                                               </testcase><testcase classname="TicTacToeTest" name="test 2" time="2.5">
                                                 
                                               </testcase><testcase classname="TicTacToeTest" name="test 3" time="2.171">
                                                 
                                               </testcase><testcase classname="TicTacToeTest" name="test 4" time="0.378">
                                                 
                                               </testcase><testcase classname="TicTacToeTest" name="test 5" time="0.0">
                                                 
                                               </testcase><testcase classname="TicTacToeTest" name="test 6" time="1.47">
                                                 
                                               </testcase><testcase classname="TicTacToeTest" name="test 7" time="0.001">
                                                 
                                               </testcase>
                     <system-out></system-out>
                     <system-err></system-err>
                   </testsuite>